<?xml version="1.0" encoding="UTF-8"?>
<!-- Generated by org.testng.reporters.JUnitReportReporter -->
<testsuite hostname="LAPTOP-RQ3ICU0S" failures="0" tests="1" name="com.browserstack.ThirdTask" time="32.278" errors="0" timestamp="2024-11-09T23:25:00 IST" skipped="0">
  <testcase classname="com.browserstack.ThirdTask" name="thirdTest" time="32.278"/>
  <system-out/>
</testsuite> <!-- com.browserstack.ThirdTask -->
