<?xml version="1.0" encoding="UTF-8"?>
<!-- Generated by org.testng.reporters.JUnitReportReporter -->
<testsuite hostname="LAPTOP-RQ3ICU0S" failures="0" tests="1" name="com.browserstack.SecondTask" time="32.480" errors="0" timestamp="2024-11-09T21:40:31 IST" skipped="0">
  <testcase classname="com.browserstack.SecondTask" name="secondTask" time="32.480"/>
  <system-out/>
</testsuite> <!-- com.browserstack.SecondTask -->
